<?xml version="1.0" encoding="UTF-8"?>
<!-- Generated by org.testng.reporters.JUnitReportReporter -->
<testsuite hostname="LAPTOP-60509PTC" failures="0" tests="2" name="amazonTest.AmazonTest" time="73.207" errors="0" timestamp="2023-11-27T10:22:25 IST" skipped="0">
  <testcase classname="amazonTest.AmazonTest" name="searchPhone" time="17.528"/>
  <system-out/>
  <testcase classname="amazonTest.AmazonTest" name="searchIphone" time="55.679"/>
  <system-out/>
</testsuite> <!-- amazonTest.AmazonTest -->
