<?xml version="1.0" encoding="UTF-8"?>
<!-- Generated by org.testng.reporters.JUnitReportReporter -->
<testsuite hostname="LAPTOP-60509PTC" failures="0" tests="1" name="amazonTest.amazonTest2" time="29.231" errors="0" timestamp="2023-11-27T09:46:03 IST" skipped="0">
  <testcase classname="amazonTest.amazonTest2" name="searchPhone" time="29.231"/>
  <system-out/>
</testsuite> <!-- amazonTest.amazonTest2 -->
